[debug] [2023-02-22T17:20:54.235Z] ----------------------------------------------------------------------
[debug] [2023-02-22T17:20:54.238Z] Command:       C:\Program Files\nodejs\node.exe C:\Users\Marco\AppData\Roaming\npm\node_modules\firebase-tools\lib\bin\firebase.js deploy
[debug] [2023-02-22T17:20:54.239Z] CLI Version:   11.23.1
[debug] [2023-02-22T17:20:54.239Z] Platform:      win32
[debug] [2023-02-22T17:20:54.239Z] Node Version:  v19.3.0
[debug] [2023-02-22T17:20:54.239Z] Time:          Wed Feb 22 2023 18:20:54 GMT+0100 (Ora standard dell’Europa centrale)
[debug] [2023-02-22T17:20:54.239Z] ----------------------------------------------------------------------
[debug] 
[debug] [2023-02-22T17:20:54.308Z] > command requires scopes: ["email","openid","https://www.googleapis.com/auth/cloudplatformprojects.readonly","https://www.googleapis.com/auth/firebase","https://www.googleapis.com/auth/cloud-platform"]
[debug] [2023-02-22T17:20:54.308Z] > authorizing via signed-in user (marcodori2010@gmail.com)
[debug] [2023-02-22T17:20:54.308Z] [iam] checking project eyouneed0 for permissions ["cloudconfig.configs.get","cloudconfig.configs.update","firebase.projects.get","firebasedatabase.instances.update","firebasehosting.sites.update"]
[debug] [2023-02-22T17:20:54.310Z] > refreshing access token with scopes: []
[debug] [2023-02-22T17:20:54.311Z] >>> [apiv2][query] POST https://www.googleapis.com/oauth2/v3/token [none]
[debug] [2023-02-22T17:20:54.311Z] >>> [apiv2][body] POST https://www.googleapis.com/oauth2/v3/token [omitted]
[debug] [2023-02-22T17:20:54.495Z] <<< [apiv2][status] POST https://www.googleapis.com/oauth2/v3/token 200
[debug] [2023-02-22T17:20:54.495Z] <<< [apiv2][body] POST https://www.googleapis.com/oauth2/v3/token [omitted]
[debug] [2023-02-22T17:20:54.503Z] >>> [apiv2][query] POST https://cloudresourcemanager.googleapis.com/v1/projects/eyouneed0:testIamPermissions [none]
[debug] [2023-02-22T17:20:54.503Z] >>> [apiv2][(partial)header] POST https://cloudresourcemanager.googleapis.com/v1/projects/eyouneed0:testIamPermissions x-goog-quota-user=projects/eyouneed0
[debug] [2023-02-22T17:20:54.504Z] >>> [apiv2][body] POST https://cloudresourcemanager.googleapis.com/v1/projects/eyouneed0:testIamPermissions {"permissions":["cloudconfig.configs.get","cloudconfig.configs.update","firebase.projects.get","firebasedatabase.instances.update","firebasehosting.sites.update"]}
[debug] [2023-02-22T17:20:54.723Z] <<< [apiv2][status] POST https://cloudresourcemanager.googleapis.com/v1/projects/eyouneed0:testIamPermissions 200
[debug] [2023-02-22T17:20:54.723Z] <<< [apiv2][body] POST https://cloudresourcemanager.googleapis.com/v1/projects/eyouneed0:testIamPermissions {"permissions":["cloudconfig.configs.get","cloudconfig.configs.update","firebase.projects.get","firebasedatabase.instances.update","firebasehosting.sites.update"]}
[debug] [2023-02-22T17:20:54.724Z] >>> [apiv2][query] GET https://firebase.googleapis.com/v1beta1/projects/eyouneed0 [none]
[debug] [2023-02-22T17:20:54.979Z] <<< [apiv2][status] GET https://firebase.googleapis.com/v1beta1/projects/eyouneed0 200
[debug] [2023-02-22T17:20:54.979Z] <<< [apiv2][body] GET https://firebase.googleapis.com/v1beta1/projects/eyouneed0 {"projectId":"eyouneed0","projectNumber":"991001322293","displayName":"eyouneed","name":"projects/eyouneed0","resources":{"hostingSite":"eyouneed0","realtimeDatabaseInstance":"eyouneed0-default-rtdb","storageBucket":"eyouneed0.appspot.com","locationId":"europe-west"},"state":"ACTIVE","etag":"1_102d7afc-7ee4-4b04-9e7a-edbd53fa1441"}
[debug] [2023-02-22T17:20:54.980Z] >>> [apiv2][query] GET https://firebase.googleapis.com/v1beta1/projects/eyouneed0 [none]
[debug] [2023-02-22T17:20:55.196Z] <<< [apiv2][status] GET https://firebase.googleapis.com/v1beta1/projects/eyouneed0 200
[debug] [2023-02-22T17:20:55.196Z] <<< [apiv2][body] GET https://firebase.googleapis.com/v1beta1/projects/eyouneed0 {"projectId":"eyouneed0","projectNumber":"991001322293","displayName":"eyouneed","name":"projects/eyouneed0","resources":{"hostingSite":"eyouneed0","realtimeDatabaseInstance":"eyouneed0-default-rtdb","storageBucket":"eyouneed0.appspot.com","locationId":"europe-west"},"state":"ACTIVE","etag":"1_102d7afc-7ee4-4b04-9e7a-edbd53fa1441"}
[info] 
[info] === Deploying to 'eyouneed0'...
[info] 
[info] i  deploying database, hosting, remoteconfig 
[info] i  database: checking rules syntax... 
[debug] [2023-02-22T17:20:55.201Z] >>> [apiv2][query] GET https://firebasedatabase.googleapis.com/v1beta/projects/eyouneed0/locations/-/instances/eyouneed0-default-rtdb [none]
[debug] [2023-02-22T17:20:55.488Z] <<< [apiv2][status] GET https://firebasedatabase.googleapis.com/v1beta/projects/eyouneed0/locations/-/instances/eyouneed0-default-rtdb 200
[debug] [2023-02-22T17:20:55.488Z] <<< [apiv2][body] GET https://firebasedatabase.googleapis.com/v1beta/projects/eyouneed0/locations/-/instances/eyouneed0-default-rtdb {"name":"projects/991001322293/locations/europe-west1/instances/eyouneed0-default-rtdb","project":"projects/991001322293","databaseUrl":"https://eyouneed0-default-rtdb.europe-west1.firebasedatabase.app","type":"DEFAULT_DATABASE","state":"ACTIVE"}
[debug] [2023-02-22T17:20:55.490Z] >>> [apiv2][query] PUT https://eyouneed0-default-rtdb.europe-west1.firebasedatabase.app/.settings/rules.json dryRun=true
[debug] [2023-02-22T17:20:55.490Z] >>> [apiv2][body] PUT https://eyouneed0-default-rtdb.europe-west1.firebasedatabase.app/.settings/rules.json "{\n  /* Visit https://firebase.google.com/docs/database/security to learn more about security rules. */\n  \"rules\": {\n    \".read\": false,\n    \".write\": false\n  }\n}"
